{"C:\\Users\\thibc\\OneDrive - Association Cesi Viacesi mail\\Bloc 3\\poc-bloc3\\frontend\\src\\App.js": {"path":"C:\\Users\\thibc\\OneDrive - Association Cesi Viacesi mail\\Bloc 3\\poc-bloc3\\frontend\\src\\App.js","statementMap":{"0":{"start":{"line":17,"column":2},"end":{"line":35,"column":4}}},"fnMap":{"0":{"name":"App","decl":{"start":{"line":16,"column":9},"end":{"line":16,"column":12}},"loc":{"start":{"line":16,"column":15},"end":{"line":36,"column":1}},"line":16}},"branchMap":{},"s":{"0":3},"f":{"0":3},"b":{},"_coverageSchema":"1a1c01bbd47fc00a2c39e90264f33305004495a9","hash":"4d08bb924fb40d6fa82d3a142e752c284d24556d"}
,"C:\\Users\\thibc\\OneDrive - Association Cesi Viacesi mail\\Bloc 3\\poc-bloc3\\frontend\\src\\index.js": {"path":"C:\\Users\\thibc\\OneDrive - Association Cesi Viacesi mail\\Bloc 3\\poc-bloc3\\frontend\\src\\index.js","statementMap":{"0":{"start":{"line":10,"column":13},"end":{"line":10,"column":65}},"1":{"start":{"line":11,"column":0},"end":{"line":21,"column":2}}},"fnMap":{},"branchMap":{},"s":{"0":0,"1":0},"f":{},"b":{}}
,"C:\\Users\\thibc\\OneDrive - Association Cesi Viacesi mail\\Bloc 3\\poc-bloc3\\frontend\\src\\test-utils.js": {"path":"C:\\Users\\thibc\\OneDrive - Association Cesi Viacesi mail\\Bloc 3\\poc-bloc3\\frontend\\src\\test-utils.js","statementMap":{"0":{"start":{"line":5,"column":24},"end":{"line":13,"column":1}},"1":{"start":{"line":6,"column":2},"end":{"line":12,"column":4}},"2":{"start":{"line":15,"column":21},"end":{"line":16,"column":54}},"3":{"start":{"line":16,"column":2},"end":{"line":16,"column":54}}},"fnMap":{"0":{"name":"(anonymous_0)","decl":{"start":{"line":5,"column":24},"end":{"line":5,"column":25}},"loc":{"start":{"line":5,"column":42},"end":{"line":13,"column":1}},"line":5},"1":{"name":"(anonymous_1)","decl":{"start":{"line":15,"column":21},"end":{"line":15,"column":22}},"loc":{"start":{"line":16,"column":2},"end":{"line":16,"column":54}},"line":16}},"branchMap":{},"s":{"0":2,"1":4,"2":2,"3":3},"f":{"0":4,"1":3},"b":{},"_coverageSchema":"1a1c01bbd47fc00a2c39e90264f33305004495a9","hash":"87053188c0b02d66de422782124657ea4d5e5235"}
,"C:\\Users\\thibc\\OneDrive - Association Cesi Viacesi mail\\Bloc 3\\poc-bloc3\\frontend\\src\\components\\Footer.js": {"path":"C:\\Users\\thibc\\OneDrive - Association Cesi Viacesi mail\\Bloc 3\\poc-bloc3\\frontend\\src\\components\\Footer.js","statementMap":{"0":{"start":{"line":5,"column":15},"end":{"line":48,"column":1}},"1":{"start":{"line":6,"column":22},"end":{"line":6,"column":46}},"2":{"start":{"line":8,"column":2},"end":{"line":47,"column":4}}},"fnMap":{"0":{"name":"(anonymous_0)","decl":{"start":{"line":5,"column":15},"end":{"line":5,"column":16}},"loc":{"start":{"line":5,"column":21},"end":{"line":48,"column":1}},"line":5}},"branchMap":{},"s":{"0":1,"1":2,"2":2},"f":{"0":2},"b":{},"_coverageSchema":"1a1c01bbd47fc00a2c39e90264f33305004495a9","hash":"b3a4f02b03c1ca9cc0f767c63fa246fa87ca3480"}
,"C:\\Users\\thibc\\OneDrive - Association Cesi Viacesi mail\\Bloc 3\\poc-bloc3\\frontend\\src\\components\\Navigation.js": {"path":"C:\\Users\\thibc\\OneDrive - Association Cesi Viacesi mail\\Bloc 3\\poc-bloc3\\frontend\\src\\components\\Navigation.js","statementMap":{"0":{"start":{"line":6,"column":19},"end":{"line":33,"column":1}},"1":{"start":{"line":7,"column":24},"end":{"line":7,"column":33}},"2":{"start":{"line":9,"column":21},"end":{"line":9,"column":80}},"3":{"start":{"line":9,"column":55},"end":{"line":9,"column":76}},"4":{"start":{"line":11,"column":2},"end":{"line":32,"column":4}}},"fnMap":{"0":{"name":"(anonymous_0)","decl":{"start":{"line":6,"column":19},"end":{"line":6,"column":20}},"loc":{"start":{"line":6,"column":25},"end":{"line":33,"column":1}},"line":6},"1":{"name":"(anonymous_1)","decl":{"start":{"line":9,"column":38},"end":{"line":9,"column":39}},"loc":{"start":{"line":9,"column":55},"end":{"line":9,"column":76}},"line":9}},"branchMap":{"0":{"loc":{"start":{"line":24,"column":22},"end":{"line":24,"column":94}},"type":"binary-expr","locations":[{"start":{"line":24,"column":22},"end":{"line":24,"column":36}},{"start":{"line":24,"column":40},"end":{"line":24,"column":94}}],"line":24}},"s":{"0":1,"1":5,"2":4,"3":0,"4":0},"f":{"0":5,"1":0},"b":{"0":[0,0]},"_coverageSchema":"1a1c01bbd47fc00a2c39e90264f33305004495a9","hash":"a96653f285a9db058fee7c158d1330dcd9374411"}
,"C:\\Users\\thibc\\OneDrive - Association Cesi Viacesi mail\\Bloc 3\\poc-bloc3\\frontend\\src\\components\\ProductCard.js": {"path":"C:\\Users\\thibc\\OneDrive - Association Cesi Viacesi mail\\Bloc 3\\poc-bloc3\\frontend\\src\\components\\ProductCard.js","statementMap":{"0":{"start":{"line":6,"column":20},"end":{"line":50,"column":1}},"1":{"start":{"line":7,"column":24},"end":{"line":7,"column":33}},"2":{"start":{"line":9,"column":26},"end":{"line":11,"column":3}},"3":{"start":{"line":10,"column":4},"end":{"line":10,"column":26}},"4":{"start":{"line":13,"column":2},"end":{"line":49,"column":4}}},"fnMap":{"0":{"name":"(anonymous_0)","decl":{"start":{"line":6,"column":20},"end":{"line":6,"column":21}},"loc":{"start":{"line":6,"column":37},"end":{"line":50,"column":1}},"line":6},"1":{"name":"(anonymous_1)","decl":{"start":{"line":9,"column":26},"end":{"line":9,"column":27}},"loc":{"start":{"line":9,"column":32},"end":{"line":11,"column":3}},"line":9}},"branchMap":{"0":{"loc":{"start":{"line":18,"column":15},"end":{"line":18,"column":86}},"type":"binary-expr","locations":[{"start":{"line":18,"column":15},"end":{"line":18,"column":45}},{"start":{"line":18,"column":49},"end":{"line":18,"column":86}}],"line":18},"1":{"loc":{"start":{"line":31,"column":11},"end":{"line":33,"column":33}},"type":"cond-expr","locations":[{"start":{"line":32,"column":14},"end":{"line":32,"column":59}},{"start":{"line":33,"column":14},"end":{"line":33,"column":33}}],"line":31},"2":{"loc":{"start":{"line":31,"column":11},"end":{"line":31,"column":66}},"type":"binary-expr","locations":[{"start":{"line":31,"column":11},"end":{"line":31,"column":30}},{"start":{"line":31,"column":34},"end":{"line":31,"column":66}}],"line":31},"3":{"loc":{"start":{"line":43,"column":15},"end":{"line":43,"column":74}},"type":"cond-expr","locations":[{"start":{"line":43,"column":44},"end":{"line":43,"column":52}},{"start":{"line":43,"column":55},"end":{"line":43,"column":74}}],"line":43}},"s":{"0":3,"1":4,"2":4,"3":1,"4":4},"f":{"0":4,"1":1},"b":{"0":[4,0],"1":[0,4],"2":[4,4],"3":[0,4]},"_coverageSchema":"1a1c01bbd47fc00a2c39e90264f33305004495a9","hash":"9a2956b9d28b70ddacdadf9b3b9bc2363c16a132"}
,"C:\\Users\\thibc\\OneDrive - Association Cesi Viacesi mail\\Bloc 3\\poc-bloc3\\frontend\\src\\components\\ProductList.js": {"path":"C:\\Users\\thibc\\OneDrive - Association Cesi Viacesi mail\\Bloc 3\\poc-bloc3\\frontend\\src\\components\\ProductList.js","statementMap":{"0":{"start":{"line":5,"column":20},"end":{"line":19,"column":1}},"1":{"start":{"line":6,"column":2},"end":{"line":8,"column":3}},"2":{"start":{"line":7,"column":4},"end":{"line":7,"column":44}},"3":{"start":{"line":10,"column":2},"end":{"line":18,"column":4}},"4":{"start":{"line":13,"column":8},"end":{"line":15,"column":14}}},"fnMap":{"0":{"name":"(anonymous_0)","decl":{"start":{"line":5,"column":20},"end":{"line":5,"column":21}},"loc":{"start":{"line":5,"column":38},"end":{"line":19,"column":1}},"line":5},"1":{"name":"(anonymous_1)","decl":{"start":{"line":12,"column":20},"end":{"line":12,"column":21}},"loc":{"start":{"line":13,"column":8},"end":{"line":15,"column":14}},"line":13}},"branchMap":{"0":{"loc":{"start":{"line":6,"column":2},"end":{"line":8,"column":3}},"type":"if","locations":[{"start":{"line":6,"column":2},"end":{"line":8,"column":3}},{"start":{},"end":{}}],"line":6},"1":{"loc":{"start":{"line":6,"column":6},"end":{"line":6,"column":40}},"type":"binary-expr","locations":[{"start":{"line":6,"column":6},"end":{"line":6,"column":15}},{"start":{"line":6,"column":19},"end":{"line":6,"column":40}}],"line":6}},"s":{"0":2,"1":2,"2":1,"3":1,"4":2},"f":{"0":2,"1":2},"b":{"0":[1,1],"1":[2,2]},"_coverageSchema":"1a1c01bbd47fc00a2c39e90264f33305004495a9","hash":"c0b404afd753269dfa40b18149b064138adcc059"}
,"C:\\Users\\thibc\\OneDrive - Association Cesi Viacesi mail\\Bloc 3\\poc-bloc3\\frontend\\src\\context\\AuthContext.js": {"path":"C:\\Users\\thibc\\OneDrive - Association Cesi Viacesi mail\\Bloc 3\\poc-bloc3\\frontend\\src\\context\\AuthContext.js","statementMap":{"0":{"start":{"line":4,"column":20},"end":{"line":4,"column":35}},"1":{"start":{"line":6,"column":23},"end":{"line":6,"column":52}},"2":{"start":{"line":6,"column":29},"end":{"line":6,"column":52}},"3":{"start":{"line":8,"column":28},"end":{"line":145,"column":1}},"4":{"start":{"line":9,"column":40},"end":{"line":9,"column":54}},"5":{"start":{"line":10,"column":32},"end":{"line":10,"column":46}},"6":{"start":{"line":11,"column":28},"end":{"line":11,"column":42}},"7":{"start":{"line":14,"column":2},"end":{"line":21,"column":9}},"8":{"start":{"line":15,"column":18},"end":{"line":15,"column":47}},"9":{"start":{"line":16,"column":4},"end":{"line":20,"column":5}},"10":{"start":{"line":17,"column":6},"end":{"line":17,"column":25}},"11":{"start":{"line":19,"column":6},"end":{"line":19,"column":24}},"12":{"start":{"line":24,"column":27},"end":{"line":49,"column":3}},"13":{"start":{"line":25,"column":4},"end":{"line":48,"column":5}},"14":{"start":{"line":26,"column":6},"end":{"line":26,"column":23}},"15":{"start":{"line":28,"column":23},"end":{"line":34,"column":7}},"16":{"start":{"line":40,"column":6},"end":{"line":40,"column":31}},"17":{"start":{"line":41,"column":6},"end":{"line":41,"column":21}},"18":{"start":{"line":43,"column":6},"end":{"line":43,"column":57}},"19":{"start":{"line":44,"column":6},"end":{"line":44,"column":46}},"20":{"start":{"line":45,"column":6},"end":{"line":45,"column":39}},"21":{"start":{"line":47,"column":6},"end":{"line":47,"column":24}},"22":{"start":{"line":52,"column":16},"end":{"line":86,"column":3}},"23":{"start":{"line":53,"column":4},"end":{"line":85,"column":5}},"24":{"start":{"line":54,"column":6},"end":{"line":54,"column":23}},"25":{"start":{"line":57,"column":27},"end":{"line":66,"column":7}},"26":{"start":{"line":72,"column":30},"end":{"line":72,"column":42}},"27":{"start":{"line":74,"column":6},"end":{"line":74,"column":43}},"28":{"start":{"line":75,"column":6},"end":{"line":75,"column":27}},"29":{"start":{"line":76,"column":6},"end":{"line":76,"column":21}},"30":{"start":{"line":77,"column":6},"end":{"line":77,"column":18}},"31":{"start":{"line":79,"column":6},"end":{"line":79,"column":41}},"32":{"start":{"line":80,"column":27},"end":{"line":80,"column":81}},"33":{"start":{"line":81,"column":6},"end":{"line":81,"column":29}},"34":{"start":{"line":82,"column":6},"end":{"line":82,"column":36}},"35":{"start":{"line":84,"column":6},"end":{"line":84,"column":24}},"36":{"start":{"line":89,"column":19},"end":{"line":123,"column":3}},"37":{"start":{"line":90,"column":4},"end":{"line":122,"column":5}},"38":{"start":{"line":91,"column":6},"end":{"line":91,"column":23}},"39":{"start":{"line":94,"column":27},"end":{"line":103,"column":7}},"40":{"start":{"line":109,"column":30},"end":{"line":109,"column":42}},"41":{"start":{"line":111,"column":6},"end":{"line":111,"column":43}},"42":{"start":{"line":112,"column":6},"end":{"line":112,"column":27}},"43":{"start":{"line":113,"column":6},"end":{"line":113,"column":21}},"44":{"start":{"line":114,"column":6},"end":{"line":114,"column":18}},"45":{"start":{"line":116,"column":6},"end":{"line":116,"column":48}},"46":{"start":{"line":117,"column":27},"end":{"line":117,"column":82}},"47":{"start":{"line":118,"column":6},"end":{"line":118,"column":29}},"48":{"start":{"line":119,"column":6},"end":{"line":119,"column":36}},"49":{"start":{"line":121,"column":6},"end":{"line":121,"column":24}},"50":{"start":{"line":126,"column":17},"end":{"line":129,"column":3}},"51":{"start":{"line":127,"column":4},"end":{"line":127,"column":37}},"52":{"start":{"line":128,"column":4},"end":{"line":128,"column":25}},"53":{"start":{"line":131,"column":16},"end":{"line":138,"column":3}},"54":{"start":{"line":140,"column":2},"end":{"line":144,"column":4}}},"fnMap":{"0":{"name":"(anonymous_0)","decl":{"start":{"line":6,"column":23},"end":{"line":6,"column":24}},"loc":{"start":{"line":6,"column":29},"end":{"line":6,"column":52}},"line":6},"1":{"name":"(anonymous_1)","decl":{"start":{"line":8,"column":28},"end":{"line":8,"column":29}},"loc":{"start":{"line":8,"column":46},"end":{"line":145,"column":1}},"line":8},"2":{"name":"(anonymous_2)","decl":{"start":{"line":14,"column":12},"end":{"line":14,"column":13}},"loc":{"start":{"line":14,"column":18},"end":{"line":21,"column":3}},"line":14},"3":{"name":"(anonymous_3)","decl":{"start":{"line":24,"column":27},"end":{"line":24,"column":28}},"loc":{"start":{"line":24,"column":39},"end":{"line":49,"column":3}},"line":24},"4":{"name":"(anonymous_4)","decl":{"start":{"line":52,"column":16},"end":{"line":52,"column":17}},"loc":{"start":{"line":52,"column":44},"end":{"line":86,"column":3}},"line":52},"5":{"name":"(anonymous_5)","decl":{"start":{"line":89,"column":19},"end":{"line":89,"column":20}},"loc":{"start":{"line":89,"column":39},"end":{"line":123,"column":3}},"line":89},"6":{"name":"(anonymous_6)","decl":{"start":{"line":126,"column":17},"end":{"line":126,"column":18}},"loc":{"start":{"line":126,"column":23},"end":{"line":129,"column":3}},"line":126}},"branchMap":{"0":{"loc":{"start":{"line":16,"column":4},"end":{"line":20,"column":5}},"type":"if","locations":[{"start":{"line":16,"column":4},"end":{"line":20,"column":5}},{"start":{"line":18,"column":11},"end":{"line":20,"column":5}}],"line":16},"1":{"loc":{"start":{"line":80,"column":27},"end":{"line":80,"column":81}},"type":"binary-expr","locations":[{"start":{"line":80,"column":27},"end":{"line":80,"column":54}},{"start":{"line":80,"column":58},"end":{"line":80,"column":81}}],"line":80},"2":{"loc":{"start":{"line":117,"column":27},"end":{"line":117,"column":82}},"type":"binary-expr","locations":[{"start":{"line":117,"column":27},"end":{"line":117,"column":54}},{"start":{"line":117,"column":58},"end":{"line":117,"column":82}}],"line":117}},"s":{"0":0,"1":0,"2":0,"3":0,"4":0,"5":0,"6":0,"7":0,"8":0,"9":0,"10":0,"11":0,"12":0,"13":0,"14":0,"15":0,"16":0,"17":0,"18":0,"19":0,"20":0,"21":0,"22":0,"23":0,"24":0,"25":0,"26":0,"27":0,"28":0,"29":0,"30":0,"31":0,"32":0,"33":0,"34":0,"35":0,"36":0,"37":0,"38":0,"39":0,"40":0,"41":0,"42":0,"43":0,"44":0,"45":0,"46":0,"47":0,"48":0,"49":0,"50":0,"51":0,"52":0,"53":0,"54":0},"f":{"0":0,"1":0,"2":0,"3":0,"4":0,"5":0,"6":0},"b":{"0":[0,0],"1":[0,0],"2":[0,0]}}
,"C:\\Users\\thibc\\OneDrive - Association Cesi Viacesi mail\\Bloc 3\\poc-bloc3\\frontend\\src\\context\\CartContext.js": {"path":"C:\\Users\\thibc\\OneDrive - Association Cesi Viacesi mail\\Bloc 3\\poc-bloc3\\frontend\\src\\context\\CartContext.js","statementMap":{"0":{"start":{"line":3,"column":20},"end":{"line":3,"column":35}},"1":{"start":{"line":5,"column":23},"end":{"line":5,"column":52}},"2":{"start":{"line":5,"column":29},"end":{"line":5,"column":52}},"3":{"start":{"line":7,"column":28},"end":{"line":95,"column":1}},"4":{"start":{"line":8,"column":36},"end":{"line":8,"column":48}},"5":{"start":{"line":9,"column":28},"end":{"line":9,"column":39}},"6":{"start":{"line":12,"column":2},"end":{"line":23,"column":9}},"7":{"start":{"line":13,"column":23},"end":{"line":13,"column":51}},"8":{"start":{"line":14,"column":4},"end":{"line":22,"column":5}},"9":{"start":{"line":15,"column":6},"end":{"line":21,"column":7}},"10":{"start":{"line":16,"column":27},"end":{"line":16,"column":49}},"11":{"start":{"line":17,"column":8},"end":{"line":17,"column":33}},"12":{"start":{"line":19,"column":8},"end":{"line":19,"column":70}},"13":{"start":{"line":20,"column":8},"end":{"line":20,"column":40}},"14":{"start":{"line":26,"column":2},"end":{"line":35,"column":18}},"15":{"start":{"line":27,"column":21},"end":{"line":30,"column":5}},"16":{"start":{"line":28,"column":21},"end":{"line":28,"column":53}},"17":{"start":{"line":31,"column":4},"end":{"line":31,"column":23}},"18":{"start":{"line":34,"column":4},"end":{"line":34,"column":60}},"19":{"start":{"line":38,"column":20},"end":{"line":55,"column":3}},"20":{"start":{"line":39,"column":4},"end":{"line":54,"column":7}},"21":{"start":{"line":40,"column":32},"end":{"line":40,"column":83}},"22":{"start":{"line":40,"column":60},"end":{"line":40,"column":82}},"23":{"start":{"line":42,"column":6},"end":{"line":53,"column":7}},"24":{"start":{"line":44,"column":25},"end":{"line":44,"column":39}},"25":{"start":{"line":45,"column":8},"end":{"line":48,"column":10}},"26":{"start":{"line":49,"column":8},"end":{"line":49,"column":24}},"27":{"start":{"line":52,"column":8},"end":{"line":52,"column":56}},"28":{"start":{"line":58,"column":33},"end":{"line":69,"column":3}},"29":{"start":{"line":59,"column":4},"end":{"line":62,"column":5}},"30":{"start":{"line":60,"column":6},"end":{"line":60,"column":32}},"31":{"start":{"line":61,"column":6},"end":{"line":61,"column":13}},"32":{"start":{"line":64,"column":4},"end":{"line":68,"column":6}},"33":{"start":{"line":65,"column":6},"end":{"line":67,"column":7}},"34":{"start":{"line":66,"column":8},"end":{"line":66,"column":60}},"35":{"start":{"line":72,"column":25},"end":{"line":74,"column":3}},"36":{"start":{"line":73,"column":4},"end":{"line":73,"column":79}},"37":{"start":{"line":73,"column":30},"end":{"line":73,"column":77}},"38":{"start":{"line":73,"column":55},"end":{"line":73,"column":76}},"39":{"start":{"line":77,"column":20},"end":{"line":79,"column":3}},"40":{"start":{"line":78,"column":4},"end":{"line":78,"column":21}},"41":{"start":{"line":81,"column":16},"end":{"line":88,"column":3}},"42":{"start":{"line":90,"column":2},"end":{"line":94,"column":4}}},"fnMap":{"0":{"name":"(anonymous_0)","decl":{"start":{"line":5,"column":23},"end":{"line":5,"column":24}},"loc":{"start":{"line":5,"column":29},"end":{"line":5,"column":52}},"line":5},"1":{"name":"(anonymous_1)","decl":{"start":{"line":7,"column":28},"end":{"line":7,"column":29}},"loc":{"start":{"line":7,"column":46},"end":{"line":95,"column":1}},"line":7},"2":{"name":"(anonymous_2)","decl":{"start":{"line":12,"column":12},"end":{"line":12,"column":13}},"loc":{"start":{"line":12,"column":18},"end":{"line":23,"column":3}},"line":12},"3":{"name":"(anonymous_3)","decl":{"start":{"line":26,"column":12},"end":{"line":26,"column":13}},"loc":{"start":{"line":26,"column":18},"end":{"line":35,"column":3}},"line":26},"4":{"name":"(anonymous_4)","decl":{"start":{"line":28,"column":6},"end":{"line":28,"column":7}},"loc":{"start":{"line":28,"column":21},"end":{"line":28,"column":53}},"line":28},"5":{"name":"(anonymous_5)","decl":{"start":{"line":38,"column":20},"end":{"line":38,"column":21}},"loc":{"start":{"line":38,"column":43},"end":{"line":55,"column":3}},"line":38},"6":{"name":"(anonymous_6)","decl":{"start":{"line":39,"column":17},"end":{"line":39,"column":18}},"loc":{"start":{"line":39,"column":30},"end":{"line":54,"column":5}},"line":39},"7":{"name":"(anonymous_7)","decl":{"start":{"line":40,"column":52},"end":{"line":40,"column":53}},"loc":{"start":{"line":40,"column":60},"end":{"line":40,"column":82}},"line":40},"8":{"name":"(anonymous_8)","decl":{"start":{"line":58,"column":33},"end":{"line":58,"column":34}},"loc":{"start":{"line":58,"column":58},"end":{"line":69,"column":3}},"line":58},"9":{"name":"(anonymous_9)","decl":{"start":{"line":64,"column":17},"end":{"line":64,"column":18}},"loc":{"start":{"line":65,"column":6},"end":{"line":67,"column":7}},"line":65},"10":{"name":"(anonymous_10)","decl":{"start":{"line":65,"column":20},"end":{"line":65,"column":21}},"loc":{"start":{"line":66,"column":8},"end":{"line":66,"column":60}},"line":66},"11":{"name":"(anonymous_11)","decl":{"start":{"line":72,"column":25},"end":{"line":72,"column":26}},"loc":{"start":{"line":72,"column":40},"end":{"line":74,"column":3}},"line":72},"12":{"name":"(anonymous_12)","decl":{"start":{"line":73,"column":17},"end":{"line":73,"column":18}},"loc":{"start":{"line":73,"column":30},"end":{"line":73,"column":77}},"line":73},"13":{"name":"(anonymous_13)","decl":{"start":{"line":73,"column":47},"end":{"line":73,"column":48}},"loc":{"start":{"line":73,"column":55},"end":{"line":73,"column":76}},"line":73},"14":{"name":"(anonymous_14)","decl":{"start":{"line":77,"column":20},"end":{"line":77,"column":21}},"loc":{"start":{"line":77,"column":26},"end":{"line":79,"column":3}},"line":77}},"branchMap":{"0":{"loc":{"start":{"line":14,"column":4},"end":{"line":22,"column":5}},"type":"if","locations":[{"start":{"line":14,"column":4},"end":{"line":22,"column":5}},{"start":{},"end":{}}],"line":14},"1":{"loc":{"start":{"line":42,"column":6},"end":{"line":53,"column":7}},"type":"if","locations":[{"start":{"line":42,"column":6},"end":{"line":53,"column":7}},{"start":{"line":50,"column":13},"end":{"line":53,"column":7}}],"line":42},"2":{"loc":{"start":{"line":59,"column":4},"end":{"line":62,"column":5}},"type":"if","locations":[{"start":{"line":59,"column":4},"end":{"line":62,"column":5}},{"start":{},"end":{}}],"line":59},"3":{"loc":{"start":{"line":66,"column":8},"end":{"line":66,"column":60}},"type":"cond-expr","locations":[{"start":{"line":66,"column":32},"end":{"line":66,"column":53}},{"start":{"line":66,"column":56},"end":{"line":66,"column":60}}],"line":66}},"s":{"0":1,"1":1,"2":0,"3":1,"4":4,"5":4,"6":4,"7":2,"8":2,"9":1,"10":1,"11":1,"12":0,"13":0,"14":4,"15":3,"16":0,"17":3,"18":3,"19":4,"20":0,"21":0,"22":0,"23":0,"24":0,"25":0,"26":0,"27":0,"28":4,"29":0,"30":0,"31":0,"32":0,"33":0,"34":0,"35":4,"36":0,"37":0,"38":0,"39":4,"40":0,"41":4,"42":4},"f":{"0":0,"1":4,"2":2,"3":3,"4":0,"5":0,"6":0,"7":0,"8":0,"9":0,"10":0,"11":0,"12":0,"13":0,"14":0},"b":{"0":[1,1],"1":[0,0],"2":[0,0],"3":[0,0]},"_coverageSchema":"1a1c01bbd47fc00a2c39e90264f33305004495a9","hash":"7951cb007a87934ce2ec05a85e574224a08cf1b9"}
,"C:\\Users\\thibc\\OneDrive - Association Cesi Viacesi mail\\Bloc 3\\poc-bloc3\\frontend\\src\\pages\\CartPage.js": {"path":"C:\\Users\\thibc\\OneDrive - Association Cesi Viacesi mail\\Bloc 3\\poc-bloc3\\frontend\\src\\pages\\CartPage.js","statementMap":{"0":{"start":{"line":6,"column":17},"end":{"line":126,"column":1}},"1":{"start":{"line":7,"column":82},"end":{"line":7,"column":91}},"2":{"start":{"line":9,"column":2},"end":{"line":24,"column":3}},"3":{"start":{"line":10,"column":4},"end":{"line":23,"column":6}},"4":{"start":{"line":26,"column":2},"end":{"line":125,"column":4}},"5":{"start":{"line":42,"column":12},"end":{"line":79,"column":17}},"6":{"start":{"line":65,"column":35},"end":{"line":65,"column":92}},"7":{"start":{"line":74,"column":33},"end":{"line":74,"column":56}}},"fnMap":{"0":{"name":"(anonymous_0)","decl":{"start":{"line":6,"column":17},"end":{"line":6,"column":18}},"loc":{"start":{"line":6,"column":23},"end":{"line":126,"column":1}},"line":6},"1":{"name":"(anonymous_1)","decl":{"start":{"line":41,"column":25},"end":{"line":41,"column":26}},"loc":{"start":{"line":42,"column":12},"end":{"line":79,"column":17}},"line":42},"2":{"name":"(anonymous_2)","decl":{"start":{"line":65,"column":28},"end":{"line":65,"column":29}},"loc":{"start":{"line":65,"column":35},"end":{"line":65,"column":92}},"line":65},"3":{"name":"(anonymous_3)","decl":{"start":{"line":74,"column":27},"end":{"line":74,"column":28}},"loc":{"start":{"line":74,"column":33},"end":{"line":74,"column":56}},"line":74}},"branchMap":{"0":{"loc":{"start":{"line":9,"column":2},"end":{"line":24,"column":3}},"type":"if","locations":[{"start":{"line":9,"column":2},"end":{"line":24,"column":3}},{"start":{},"end":{}}],"line":9},"1":{"loc":{"start":{"line":46,"column":25},"end":{"line":46,"column":93}},"type":"binary-expr","locations":[{"start":{"line":46,"column":25},"end":{"line":46,"column":52}},{"start":{"line":46,"column":56},"end":{"line":46,"column":93}}],"line":46}},"s":{"0":1,"1":0,"2":0,"3":0,"4":0,"5":0,"6":0,"7":0},"f":{"0":0,"1":0,"2":0,"3":0},"b":{"0":[0,0],"1":[0,0]},"_coverageSchema":"1a1c01bbd47fc00a2c39e90264f33305004495a9","hash":"8e19e663e13ec13d2ec15f9c0881403104b429b7"}
,"C:\\Users\\thibc\\OneDrive - Association Cesi Viacesi mail\\Bloc 3\\poc-bloc3\\frontend\\src\\pages\\CheckoutPage.js": {"path":"C:\\Users\\thibc\\OneDrive - Association Cesi Viacesi mail\\Bloc 3\\poc-bloc3\\frontend\\src\\pages\\CheckoutPage.js","statementMap":{"0":{"start":{"line":6,"column":21},"end":{"line":237,"column":1}},"1":{"start":{"line":7,"column":42},"end":{"line":7,"column":51}},"2":{"start":{"line":8,"column":19},"end":{"line":8,"column":32}},"3":{"start":{"line":9,"column":36},"end":{"line":9,"column":51}},"4":{"start":{"line":10,"column":46},"end":{"line":10,"column":61}},"5":{"start":{"line":13,"column":2},"end":{"line":25,"column":3}},"6":{"start":{"line":14,"column":4},"end":{"line":24,"column":6}},"7":{"start":{"line":19,"column":51},"end":{"line":19,"column":72}},"8":{"start":{"line":27,"column":23},"end":{"line":44,"column":3}},"9":{"start":{"line":28,"column":4},"end":{"line":28,"column":27}},"10":{"start":{"line":29,"column":17},"end":{"line":29,"column":36}},"11":{"start":{"line":31,"column":4},"end":{"line":35,"column":5}},"12":{"start":{"line":32,"column":6},"end":{"line":32,"column":30}},"13":{"start":{"line":33,"column":6},"end":{"line":33,"column":25}},"14":{"start":{"line":34,"column":6},"end":{"line":34,"column":13}},"15":{"start":{"line":38,"column":4},"end":{"line":41,"column":13}},"16":{"start":{"line":39,"column":6},"end":{"line":39,"column":18}},"17":{"start":{"line":40,"column":6},"end":{"line":40,"column":30}},"18":{"start":{"line":43,"column":4},"end":{"line":43,"column":23}},"19":{"start":{"line":46,"column":2},"end":{"line":63,"column":3}},"20":{"start":{"line":47,"column":4},"end":{"line":62,"column":6}},"21":{"start":{"line":56,"column":61},"end":{"line":56,"column":82}},"22":{"start":{"line":65,"column":2},"end":{"line":236,"column":4}},"23":{"start":{"line":206,"column":18},"end":{"line":216,"column":23}}},"fnMap":{"0":{"name":"(anonymous_0)","decl":{"start":{"line":6,"column":21},"end":{"line":6,"column":22}},"loc":{"start":{"line":6,"column":27},"end":{"line":237,"column":1}},"line":6},"1":{"name":"(anonymous_1)","decl":{"start":{"line":19,"column":45},"end":{"line":19,"column":46}},"loc":{"start":{"line":19,"column":51},"end":{"line":19,"column":72}},"line":19},"2":{"name":"(anonymous_2)","decl":{"start":{"line":27,"column":23},"end":{"line":27,"column":24}},"loc":{"start":{"line":27,"column":34},"end":{"line":44,"column":3}},"line":27},"3":{"name":"(anonymous_3)","decl":{"start":{"line":38,"column":15},"end":{"line":38,"column":16}},"loc":{"start":{"line":38,"column":21},"end":{"line":41,"column":5}},"line":38},"4":{"name":"(anonymous_4)","decl":{"start":{"line":56,"column":55},"end":{"line":56,"column":56}},"loc":{"start":{"line":56,"column":61},"end":{"line":56,"column":82}},"line":56},"5":{"name":"(anonymous_5)","decl":{"start":{"line":205,"column":31},"end":{"line":205,"column":32}},"loc":{"start":{"line":206,"column":18},"end":{"line":216,"column":23}},"line":206}},"branchMap":{"0":{"loc":{"start":{"line":13,"column":2},"end":{"line":25,"column":3}},"type":"if","locations":[{"start":{"line":13,"column":2},"end":{"line":25,"column":3}},{"start":{},"end":{}}],"line":13},"1":{"loc":{"start":{"line":13,"column":6},"end":{"line":13,"column":47}},"type":"binary-expr","locations":[{"start":{"line":13,"column":6},"end":{"line":13,"column":28}},{"start":{"line":13,"column":32},"end":{"line":13,"column":47}}],"line":13},"2":{"loc":{"start":{"line":31,"column":4},"end":{"line":35,"column":5}},"type":"if","locations":[{"start":{"line":31,"column":4},"end":{"line":35,"column":5}},{"start":{},"end":{}}],"line":31},"3":{"loc":{"start":{"line":46,"column":2},"end":{"line":63,"column":3}},"type":"if","locations":[{"start":{"line":46,"column":2},"end":{"line":63,"column":3}},{"start":{},"end":{}}],"line":46}},"s":{"0":1,"1":0,"2":0,"3":0,"4":0,"5":0,"6":0,"7":0,"8":0,"9":0,"10":0,"11":0,"12":0,"13":0,"14":0,"15":0,"16":0,"17":0,"18":0,"19":0,"20":0,"21":0,"22":0,"23":0},"f":{"0":0,"1":0,"2":0,"3":0,"4":0,"5":0},"b":{"0":[0,0],"1":[0,0],"2":[0,0],"3":[0,0]},"_coverageSchema":"1a1c01bbd47fc00a2c39e90264f33305004495a9","hash":"ba6eab5edf28908da7e5f8413da7995f78ee8655"}
,"C:\\Users\\thibc\\OneDrive - Association Cesi Viacesi mail\\Bloc 3\\poc-bloc3\\frontend\\src\\pages\\FAQPage.js": {"path":"C:\\Users\\thibc\\OneDrive - Association Cesi Viacesi mail\\Bloc 3\\poc-bloc3\\frontend\\src\\pages\\FAQPage.js","statementMap":{"0":{"start":{"line":4,"column":16},"end":{"line":84,"column":1}},"1":{"start":{"line":5,"column":2},"end":{"line":83,"column":4}}},"fnMap":{"0":{"name":"(anonymous_0)","decl":{"start":{"line":4,"column":16},"end":{"line":4,"column":17}},"loc":{"start":{"line":4,"column":22},"end":{"line":84,"column":1}},"line":4}},"branchMap":{},"s":{"0":1,"1":0},"f":{"0":0},"b":{},"_coverageSchema":"1a1c01bbd47fc00a2c39e90264f33305004495a9","hash":"91ed51abddc9c91aa1ded132b89934077c7e4782"}
,"C:\\Users\\thibc\\OneDrive - Association Cesi Viacesi mail\\Bloc 3\\poc-bloc3\\frontend\\src\\pages\\HomePage.js": {"path":"C:\\Users\\thibc\\OneDrive - Association Cesi Viacesi mail\\Bloc 3\\poc-bloc3\\frontend\\src\\pages\\HomePage.js","statementMap":{"0":{"start":{"line":7,"column":17},"end":{"line":130,"column":1}},"1":{"start":{"line":8,"column":50},"end":{"line":8,"column":62}},"2":{"start":{"line":9,"column":32},"end":{"line":9,"column":46}},"3":{"start":{"line":10,"column":28},"end":{"line":10,"column":42}},"4":{"start":{"line":12,"column":2},"end":{"line":29,"column":9}},"5":{"start":{"line":13,"column":26},"end":{"line":26,"column":5}},"6":{"start":{"line":14,"column":6},"end":{"line":25,"column":7}},"7":{"start":{"line":15,"column":8},"end":{"line":15,"column":25}},"8":{"start":{"line":16,"column":25},"end":{"line":16,"column":48}},"9":{"start":{"line":18,"column":8},"end":{"line":18,"column":63}},"10":{"start":{"line":19,"column":8},"end":{"line":19,"column":23}},"11":{"start":{"line":21,"column":8},"end":{"line":21,"column":55}},"12":{"start":{"line":22,"column":8},"end":{"line":22,"column":86}},"13":{"start":{"line":24,"column":8},"end":{"line":24,"column":26}},"14":{"start":{"line":28,"column":4},"end":{"line":28,"column":20}},"15":{"start":{"line":31,"column":2},"end":{"line":129,"column":4}}},"fnMap":{"0":{"name":"(anonymous_0)","decl":{"start":{"line":7,"column":17},"end":{"line":7,"column":18}},"loc":{"start":{"line":7,"column":23},"end":{"line":130,"column":1}},"line":7},"1":{"name":"(anonymous_1)","decl":{"start":{"line":12,"column":12},"end":{"line":12,"column":13}},"loc":{"start":{"line":12,"column":18},"end":{"line":29,"column":3}},"line":12},"2":{"name":"(anonymous_2)","decl":{"start":{"line":13,"column":26},"end":{"line":13,"column":27}},"loc":{"start":{"line":13,"column":38},"end":{"line":26,"column":5}},"line":13}},"branchMap":{"0":{"loc":{"start":{"line":73,"column":9},"end":{"line":79,"column":9}},"type":"cond-expr","locations":[{"start":{"line":74,"column":10},"end":{"line":74,"column":43}},{"start":{"line":75,"column":12},"end":{"line":79,"column":9}}],"line":73},"1":{"loc":{"start":{"line":75,"column":12},"end":{"line":79,"column":9}},"type":"cond-expr","locations":[{"start":{"line":76,"column":10},"end":{"line":76,"column":48}},{"start":{"line":78,"column":10},"end":{"line":78,"column":53}}],"line":75}},"s":{"0":1,"1":2,"2":2,"3":2,"4":2,"5":0,"6":0,"7":0,"8":0,"9":0,"10":0,"11":0,"12":0,"13":0,"14":0,"15":2},"f":{"0":2,"1":0,"2":0},"b":{"0":[2,0],"1":[0,0]},"_coverageSchema":"1a1c01bbd47fc00a2c39e90264f33305004495a9","hash":"c98b187e5e1afd44e37bee01455e15592c939dbc"}
,"C:\\Users\\thibc\\OneDrive - Association Cesi Viacesi mail\\Bloc 3\\poc-bloc3\\frontend\\src\\pages\\LoginPage.js": {"path":"C:\\Users\\thibc\\OneDrive - Association Cesi Viacesi mail\\Bloc 3\\poc-bloc3\\frontend\\src\\pages\\LoginPage.js","statementMap":{"0":{"start":{"line":6,"column":18},"end":{"line":90,"column":1}},"1":{"start":{"line":7,"column":28},"end":{"line":7,"column":40}},"2":{"start":{"line":8,"column":34},"end":{"line":8,"column":46}},"3":{"start":{"line":9,"column":32},"end":{"line":9,"column":47}},"4":{"start":{"line":10,"column":28},"end":{"line":10,"column":40}},"5":{"start":{"line":12,"column":20},"end":{"line":12,"column":29}},"6":{"start":{"line":13,"column":19},"end":{"line":13,"column":32}},"7":{"start":{"line":15,"column":23},"end":{"line":36,"column":3}},"8":{"start":{"line":16,"column":4},"end":{"line":16,"column":23}},"9":{"start":{"line":18,"column":4},"end":{"line":21,"column":5}},"10":{"start":{"line":19,"column":6},"end":{"line":19,"column":51}},"11":{"start":{"line":20,"column":6},"end":{"line":20,"column":13}},"12":{"start":{"line":23,"column":4},"end":{"line":35,"column":5}},"13":{"start":{"line":24,"column":6},"end":{"line":24,"column":19}},"14":{"start":{"line":25,"column":6},"end":{"line":25,"column":23}},"15":{"start":{"line":27,"column":6},"end":{"line":27,"column":35}},"16":{"start":{"line":28,"column":6},"end":{"line":28,"column":20}},"17":{"start":{"line":31,"column":6},"end":{"line":31,"column":68}},"18":{"start":{"line":32,"column":6},"end":{"line":32,"column":41}},"19":{"start":{"line":34,"column":6},"end":{"line":34,"column":24}},"20":{"start":{"line":38,"column":2},"end":{"line":89,"column":4}},"21":{"start":{"line":56,"column":37},"end":{"line":56,"column":61}},"22":{"start":{"line":67,"column":37},"end":{"line":67,"column":64}}},"fnMap":{"0":{"name":"(anonymous_0)","decl":{"start":{"line":6,"column":18},"end":{"line":6,"column":19}},"loc":{"start":{"line":6,"column":24},"end":{"line":90,"column":1}},"line":6},"1":{"name":"(anonymous_1)","decl":{"start":{"line":15,"column":23},"end":{"line":15,"column":24}},"loc":{"start":{"line":15,"column":36},"end":{"line":36,"column":3}},"line":15},"2":{"name":"(anonymous_2)","decl":{"start":{"line":56,"column":30},"end":{"line":56,"column":31}},"loc":{"start":{"line":56,"column":37},"end":{"line":56,"column":61}},"line":56},"3":{"name":"(anonymous_3)","decl":{"start":{"line":67,"column":30},"end":{"line":67,"column":31}},"loc":{"start":{"line":67,"column":37},"end":{"line":67,"column":64}},"line":67}},"branchMap":{"0":{"loc":{"start":{"line":18,"column":4},"end":{"line":21,"column":5}},"type":"if","locations":[{"start":{"line":18,"column":4},"end":{"line":21,"column":5}},{"start":{},"end":{}}],"line":18},"1":{"loc":{"start":{"line":18,"column":8},"end":{"line":18,"column":27}},"type":"binary-expr","locations":[{"start":{"line":18,"column":8},"end":{"line":18,"column":14}},{"start":{"line":18,"column":18},"end":{"line":18,"column":27}}],"line":18},"2":{"loc":{"start":{"line":47,"column":15},"end":{"line":47,"column":63}},"type":"binary-expr","locations":[{"start":{"line":47,"column":15},"end":{"line":47,"column":20}},{"start":{"line":47,"column":24},"end":{"line":47,"column":63}}],"line":47},"3":{"loc":{"start":{"line":74,"column":21},"end":{"line":74,"column":71}},"type":"cond-expr","locations":[{"start":{"line":74,"column":31},"end":{"line":74,"column":54}},{"start":{"line":74,"column":57},"end":{"line":74,"column":71}}],"line":74}},"s":{"0":1,"1":0,"2":0,"3":0,"4":0,"5":0,"6":0,"7":0,"8":0,"9":0,"10":0,"11":0,"12":0,"13":0,"14":0,"15":0,"16":0,"17":0,"18":0,"19":0,"20":0,"21":0,"22":0},"f":{"0":0,"1":0,"2":0,"3":0},"b":{"0":[0,0],"1":[0,0],"2":[0,0],"3":[0,0]},"_coverageSchema":"1a1c01bbd47fc00a2c39e90264f33305004495a9","hash":"64385cbd9495e768e816987087f8183456638c16"}
,"C:\\Users\\thibc\\OneDrive - Association Cesi Viacesi mail\\Bloc 3\\poc-bloc3\\frontend\\src\\pages\\NotFoundPage.js": {"path":"C:\\Users\\thibc\\OneDrive - Association Cesi Viacesi mail\\Bloc 3\\poc-bloc3\\frontend\\src\\pages\\NotFoundPage.js","statementMap":{"0":{"start":{"line":5,"column":21},"end":{"line":20,"column":1}},"1":{"start":{"line":6,"column":2},"end":{"line":19,"column":4}}},"fnMap":{"0":{"name":"(anonymous_0)","decl":{"start":{"line":5,"column":21},"end":{"line":5,"column":22}},"loc":{"start":{"line":5,"column":27},"end":{"line":20,"column":1}},"line":5}},"branchMap":{},"s":{"0":1,"1":0},"f":{"0":0},"b":{},"_coverageSchema":"1a1c01bbd47fc00a2c39e90264f33305004495a9","hash":"7bcf1aa575822069f186ce1c12b230450ae5c5fe"}
,"C:\\Users\\thibc\\OneDrive - Association Cesi Viacesi mail\\Bloc 3\\poc-bloc3\\frontend\\src\\pages\\ProductDetailPage.js": {"path":"C:\\Users\\thibc\\OneDrive - Association Cesi Viacesi mail\\Bloc 3\\poc-bloc3\\frontend\\src\\pages\\ProductDetailPage.js","statementMap":{"0":{"start":{"line":7,"column":26},"end":{"line":135,"column":1}},"1":{"start":{"line":8,"column":17},"end":{"line":8,"column":28}},"2":{"start":{"line":9,"column":32},"end":{"line":9,"column":46}},"3":{"start":{"line":10,"column":32},"end":{"line":10,"column":46}},"4":{"start":{"line":11,"column":28},"end":{"line":11,"column":42}},"5":{"start":{"line":12,"column":34},"end":{"line":12,"column":45}},"6":{"start":{"line":13,"column":24},"end":{"line":13,"column":33}},"7":{"start":{"line":15,"column":2},"end":{"line":31,"column":11}},"8":{"start":{"line":16,"column":25},"end":{"line":28,"column":5}},"9":{"start":{"line":17,"column":6},"end":{"line":27,"column":7}},"10":{"start":{"line":18,"column":8},"end":{"line":18,"column":25}},"11":{"start":{"line":19,"column":25},"end":{"line":19,"column":49}},"12":{"start":{"line":20,"column":8},"end":{"line":20,"column":34}},"13":{"start":{"line":21,"column":8},"end":{"line":21,"column":23}},"14":{"start":{"line":23,"column":8},"end":{"line":23,"column":62}},"15":{"start":{"line":24,"column":8},"end":{"line":24,"column":96}},"16":{"start":{"line":26,"column":8},"end":{"line":26,"column":26}},"17":{"start":{"line":30,"column":4},"end":{"line":30,"column":19}},"18":{"start":{"line":33,"column":26},"end":{"line":36,"column":3}},"19":{"start":{"line":34,"column":4},"end":{"line":34,"column":33}},"20":{"start":{"line":35,"column":4},"end":{"line":35,"column":63}},"21":{"start":{"line":38,"column":2},"end":{"line":46,"column":3}},"22":{"start":{"line":39,"column":4},"end":{"line":45,"column":6}},"23":{"start":{"line":48,"column":2},"end":{"line":57,"column":3}},"24":{"start":{"line":49,"column":4},"end":{"line":56,"column":6}},"25":{"start":{"line":59,"column":2},"end":{"line":68,"column":3}},"26":{"start":{"line":60,"column":4},"end":{"line":67,"column":6}},"27":{"start":{"line":70,"column":2},"end":{"line":134,"column":4}},"28":{"start":{"line":117,"column":35},"end":{"line":117,"column":72}}},"fnMap":{"0":{"name":"(anonymous_0)","decl":{"start":{"line":7,"column":26},"end":{"line":7,"column":27}},"loc":{"start":{"line":7,"column":32},"end":{"line":135,"column":1}},"line":7},"1":{"name":"(anonymous_1)","decl":{"start":{"line":15,"column":12},"end":{"line":15,"column":13}},"loc":{"start":{"line":15,"column":18},"end":{"line":31,"column":3}},"line":15},"2":{"name":"(anonymous_2)","decl":{"start":{"line":16,"column":25},"end":{"line":16,"column":26}},"loc":{"start":{"line":16,"column":37},"end":{"line":28,"column":5}},"line":16},"3":{"name":"(anonymous_3)","decl":{"start":{"line":33,"column":26},"end":{"line":33,"column":27}},"loc":{"start":{"line":33,"column":32},"end":{"line":36,"column":3}},"line":33},"4":{"name":"(anonymous_4)","decl":{"start":{"line":117,"column":28},"end":{"line":117,"column":29}},"loc":{"start":{"line":117,"column":35},"end":{"line":117,"column":72}},"line":117}},"branchMap":{"0":{"loc":{"start":{"line":38,"column":2},"end":{"line":46,"column":3}},"type":"if","locations":[{"start":{"line":38,"column":2},"end":{"line":46,"column":3}},{"start":{},"end":{}}],"line":38},"1":{"loc":{"start":{"line":48,"column":2},"end":{"line":57,"column":3}},"type":"if","locations":[{"start":{"line":48,"column":2},"end":{"line":57,"column":3}},{"start":{},"end":{}}],"line":48},"2":{"loc":{"start":{"line":59,"column":2},"end":{"line":68,"column":3}},"type":"if","locations":[{"start":{"line":59,"column":2},"end":{"line":68,"column":3}},{"start":{},"end":{}}],"line":59},"3":{"loc":{"start":{"line":81,"column":19},"end":{"line":81,"column":90}},"type":"binary-expr","locations":[{"start":{"line":81,"column":19},"end":{"line":81,"column":49}},{"start":{"line":81,"column":53},"end":{"line":81,"column":90}}],"line":81},"4":{"loc":{"start":{"line":99,"column":13},"end":{"line":103,"column":13}},"type":"cond-expr","locations":[{"start":{"line":100,"column":14},"end":{"line":100,"column":93}},{"start":{"line":102,"column":14},"end":{"line":102,"column":51}}],"line":99},"5":{"loc":{"start":{"line":106,"column":11},"end":{"line":130,"column":11}},"type":"binary-expr","locations":[{"start":{"line":106,"column":11},"end":{"line":106,"column":37}},{"start":{"line":107,"column":12},"end":{"line":129,"column":18}}],"line":106}},"s":{"0":1,"1":0,"2":0,"3":0,"4":0,"5":0,"6":0,"7":0,"8":0,"9":0,"10":0,"11":0,"12":0,"13":0,"14":0,"15":0,"16":0,"17":0,"18":0,"19":0,"20":0,"21":0,"22":0,"23":0,"24":0,"25":0,"26":0,"27":0,"28":0},"f":{"0":0,"1":0,"2":0,"3":0,"4":0},"b":{"0":[0,0],"1":[0,0],"2":[0,0],"3":[0,0],"4":[0,0],"5":[0,0]},"_coverageSchema":"1a1c01bbd47fc00a2c39e90264f33305004495a9","hash":"c90327883ef631f969ab9e846f2db6de2849a001"}
,"C:\\Users\\thibc\\OneDrive - Association Cesi Viacesi mail\\Bloc 3\\poc-bloc3\\frontend\\src\\pages\\ProductsPage.js": {"path":"C:\\Users\\thibc\\OneDrive - Association Cesi Viacesi mail\\Bloc 3\\poc-bloc3\\frontend\\src\\pages\\ProductsPage.js","statementMap":{"0":{"start":{"line":6,"column":21},"end":{"line":83,"column":1}},"1":{"start":{"line":7,"column":34},"end":{"line":7,"column":46}},"2":{"start":{"line":8,"column":32},"end":{"line":8,"column":46}},"3":{"start":{"line":9,"column":28},"end":{"line":9,"column":42}},"4":{"start":{"line":10,"column":40},"end":{"line":10,"column":52}},"5":{"start":{"line":12,"column":2},"end":{"line":14,"column":9}},"6":{"start":{"line":13,"column":4},"end":{"line":13,"column":20}},"7":{"start":{"line":16,"column":24},"end":{"line":28,"column":3}},"8":{"start":{"line":17,"column":4},"end":{"line":27,"column":5}},"9":{"start":{"line":18,"column":6},"end":{"line":18,"column":23}},"10":{"start":{"line":19,"column":23},"end":{"line":19,"column":46}},"11":{"start":{"line":20,"column":6},"end":{"line":20,"column":47}},"12":{"start":{"line":21,"column":6},"end":{"line":21,"column":21}},"13":{"start":{"line":23,"column":6},"end":{"line":23,"column":53}},"14":{"start":{"line":24,"column":6},"end":{"line":24,"column":84}},"15":{"start":{"line":26,"column":6},"end":{"line":26,"column":24}},"16":{"start":{"line":30,"column":23},"end":{"line":48,"column":3}},"17":{"start":{"line":31,"column":4},"end":{"line":31,"column":23}},"18":{"start":{"line":32,"column":4},"end":{"line":35,"column":5}},"19":{"start":{"line":33,"column":6},"end":{"line":33,"column":22}},"20":{"start":{"line":34,"column":6},"end":{"line":34,"column":13}},"21":{"start":{"line":37,"column":4},"end":{"line":47,"column":5}},"22":{"start":{"line":38,"column":6},"end":{"line":38,"column":23}},"23":{"start":{"line":39,"column":23},"end":{"line":39,"column":60}},"24":{"start":{"line":40,"column":6},"end":{"line":40,"column":47}},"25":{"start":{"line":41,"column":6},"end":{"line":41,"column":21}},"26":{"start":{"line":43,"column":6},"end":{"line":43,"column":54}},"27":{"start":{"line":44,"column":6},"end":{"line":44,"column":87}},"28":{"start":{"line":46,"column":6},"end":{"line":46,"column":24}},"29":{"start":{"line":50,"column":2},"end":{"line":82,"column":4}},"30":{"start":{"line":62,"column":33},"end":{"line":62,"column":63}}},"fnMap":{"0":{"name":"(anonymous_0)","decl":{"start":{"line":6,"column":21},"end":{"line":6,"column":22}},"loc":{"start":{"line":6,"column":27},"end":{"line":83,"column":1}},"line":6},"1":{"name":"(anonymous_1)","decl":{"start":{"line":12,"column":12},"end":{"line":12,"column":13}},"loc":{"start":{"line":12,"column":18},"end":{"line":14,"column":3}},"line":12},"2":{"name":"(anonymous_2)","decl":{"start":{"line":16,"column":24},"end":{"line":16,"column":25}},"loc":{"start":{"line":16,"column":36},"end":{"line":28,"column":3}},"line":16},"3":{"name":"(anonymous_3)","decl":{"start":{"line":30,"column":23},"end":{"line":30,"column":24}},"loc":{"start":{"line":30,"column":36},"end":{"line":48,"column":3}},"line":30},"4":{"name":"(anonymous_4)","decl":{"start":{"line":62,"column":26},"end":{"line":62,"column":27}},"loc":{"start":{"line":62,"column":33},"end":{"line":62,"column":63}},"line":62}},"branchMap":{"0":{"loc":{"start":{"line":20,"column":18},"end":{"line":20,"column":45}},"type":"binary-expr","locations":[{"start":{"line":20,"column":18},"end":{"line":20,"column":39}},{"start":{"line":20,"column":43},"end":{"line":20,"column":45}}],"line":20},"1":{"loc":{"start":{"line":32,"column":4},"end":{"line":35,"column":5}},"type":"if","locations":[{"start":{"line":32,"column":4},"end":{"line":35,"column":5}},{"start":{},"end":{}}],"line":32},"2":{"loc":{"start":{"line":40,"column":18},"end":{"line":40,"column":45}},"type":"binary-expr","locations":[{"start":{"line":40,"column":18},"end":{"line":40,"column":39}},{"start":{"line":40,"column":43},"end":{"line":40,"column":45}}],"line":40},"3":{"loc":{"start":{"line":72,"column":7},"end":{"line":80,"column":7}},"type":"cond-expr","locations":[{"start":{"line":73,"column":8},"end":{"line":73,"column":41}},{"start":{"line":74,"column":10},"end":{"line":80,"column":7}}],"line":72},"4":{"loc":{"start":{"line":74,"column":10},"end":{"line":80,"column":7}},"type":"cond-expr","locations":[{"start":{"line":75,"column":8},"end":{"line":75,"column":46}},{"start":{"line":76,"column":10},"end":{"line":80,"column":7}}],"line":74},"5":{"loc":{"start":{"line":76,"column":10},"end":{"line":80,"column":7}},"type":"cond-expr","locations":[{"start":{"line":77,"column":8},"end":{"line":77,"column":36}},{"start":{"line":79,"column":8},"end":{"line":79,"column":43}}],"line":76}},"s":{"0":1,"1":0,"2":0,"3":0,"4":0,"5":0,"6":0,"7":0,"8":0,"9":0,"10":0,"11":0,"12":0,"13":0,"14":0,"15":0,"16":0,"17":0,"18":0,"19":0,"20":0,"21":0,"22":0,"23":0,"24":0,"25":0,"26":0,"27":0,"28":0,"29":0,"30":0},"f":{"0":0,"1":0,"2":0,"3":0,"4":0},"b":{"0":[0,0],"1":[0,0],"2":[0,0],"3":[0,0],"4":[0,0],"5":[0,0]},"_coverageSchema":"1a1c01bbd47fc00a2c39e90264f33305004495a9","hash":"00271af68bb909e9f06a893505a505279ac897b2"}
,"C:\\Users\\thibc\\OneDrive - Association Cesi Viacesi mail\\Bloc 3\\poc-bloc3\\frontend\\src\\pages\\RegisterPage.js": {"path":"C:\\Users\\thibc\\OneDrive - Association Cesi Viacesi mail\\Bloc 3\\poc-bloc3\\frontend\\src\\pages\\RegisterPage.js","statementMap":{"0":{"start":{"line":6,"column":21},"end":{"line":179,"column":1}},"1":{"start":{"line":7,"column":34},"end":{"line":15,"column":4}},"2":{"start":{"line":16,"column":32},"end":{"line":16,"column":47}},"3":{"start":{"line":17,"column":28},"end":{"line":17,"column":40}},"4":{"start":{"line":19,"column":23},"end":{"line":19,"column":32}},"5":{"start":{"line":20,"column":19},"end":{"line":20,"column":32}},"6":{"start":{"line":22,"column":23},"end":{"line":28,"column":3}},"7":{"start":{"line":23,"column":28},"end":{"line":23,"column":36}},"8":{"start":{"line":24,"column":4},"end":{"line":27,"column":8}},"9":{"start":{"line":24,"column":29},"end":{"line":27,"column":5}},"10":{"start":{"line":30,"column":23},"end":{"line":57,"column":3}},"11":{"start":{"line":31,"column":4},"end":{"line":31,"column":23}},"12":{"start":{"line":34,"column":4},"end":{"line":37,"column":5}},"13":{"start":{"line":35,"column":6},"end":{"line":35,"column":57}},"14":{"start":{"line":36,"column":6},"end":{"line":36,"column":13}},"15":{"start":{"line":39,"column":4},"end":{"line":42,"column":5}},"16":{"start":{"line":40,"column":6},"end":{"line":40,"column":70}},"17":{"start":{"line":41,"column":6},"end":{"line":41,"column":13}},"18":{"start":{"line":44,"column":4},"end":{"line":56,"column":5}},"19":{"start":{"line":45,"column":6},"end":{"line":45,"column":19}},"20":{"start":{"line":46,"column":6},"end":{"line":46,"column":23}},"21":{"start":{"line":48,"column":6},"end":{"line":48,"column":31}},"22":{"start":{"line":49,"column":6},"end":{"line":49,"column":20}},"23":{"start":{"line":52,"column":6},"end":{"line":52,"column":62}},"24":{"start":{"line":53,"column":6},"end":{"line":53,"column":48}},"25":{"start":{"line":55,"column":6},"end":{"line":55,"column":24}},"26":{"start":{"line":59,"column":2},"end":{"line":178,"column":4}}},"fnMap":{"0":{"name":"(anonymous_0)","decl":{"start":{"line":6,"column":21},"end":{"line":6,"column":22}},"loc":{"start":{"line":6,"column":27},"end":{"line":179,"column":1}},"line":6},"1":{"name":"(anonymous_1)","decl":{"start":{"line":22,"column":23},"end":{"line":22,"column":24}},"loc":{"start":{"line":22,"column":30},"end":{"line":28,"column":3}},"line":22},"2":{"name":"(anonymous_2)","decl":{"start":{"line":24,"column":16},"end":{"line":24,"column":17}},"loc":{"start":{"line":24,"column":29},"end":{"line":27,"column":5}},"line":24},"3":{"name":"(anonymous_3)","decl":{"start":{"line":30,"column":23},"end":{"line":30,"column":24}},"loc":{"start":{"line":30,"column":36},"end":{"line":57,"column":3}},"line":30}},"branchMap":{"0":{"loc":{"start":{"line":34,"column":4},"end":{"line":37,"column":5}},"type":"if","locations":[{"start":{"line":34,"column":4},"end":{"line":37,"column":5}},{"start":{},"end":{}}],"line":34},"1":{"loc":{"start":{"line":39,"column":4},"end":{"line":42,"column":5}},"type":"if","locations":[{"start":{"line":39,"column":4},"end":{"line":42,"column":5}},{"start":{},"end":{}}],"line":39},"2":{"loc":{"start":{"line":68,"column":15},"end":{"line":68,"column":63}},"type":"binary-expr","locations":[{"start":{"line":68,"column":15},"end":{"line":68,"column":20}},{"start":{"line":68,"column":24},"end":{"line":68,"column":63}}],"line":68},"3":{"loc":{"start":{"line":163,"column":21},"end":{"line":163,"column":71}},"type":"cond-expr","locations":[{"start":{"line":163,"column":31},"end":{"line":163,"column":56}},{"start":{"line":163,"column":59},"end":{"line":163,"column":71}}],"line":163}},"s":{"0":1,"1":0,"2":0,"3":0,"4":0,"5":0,"6":0,"7":0,"8":0,"9":0,"10":0,"11":0,"12":0,"13":0,"14":0,"15":0,"16":0,"17":0,"18":0,"19":0,"20":0,"21":0,"22":0,"23":0,"24":0,"25":0,"26":0},"f":{"0":0,"1":0,"2":0,"3":0},"b":{"0":[0,0],"1":[0,0],"2":[0,0],"3":[0,0]},"_coverageSchema":"1a1c01bbd47fc00a2c39e90264f33305004495a9","hash":"2619c26d0deeb9f0143e67de5fff5727e1b9616c"}
,"C:\\Users\\thibc\\OneDrive - Association Cesi Viacesi mail\\Bloc 3\\poc-bloc3\\frontend\\src\\services\\api.js": {"path":"C:\\Users\\thibc\\OneDrive - Association Cesi Viacesi mail\\Bloc 3\\poc-bloc3\\frontend\\src\\services\\api.js","statementMap":{"0":{"start":{"line":3,"column":16},"end":{"line":3,"column":22}},"1":{"start":{"line":6,"column":12},"end":{"line":11,"column":2}},"2":{"start":{"line":14,"column":0},"end":{"line":25,"column":2}},"3":{"start":{"line":16,"column":18},"end":{"line":16,"column":47}},"4":{"start":{"line":17,"column":4},"end":{"line":19,"column":5}},"5":{"start":{"line":18,"column":6},"end":{"line":18,"column":58}},"6":{"start":{"line":20,"column":4},"end":{"line":20,"column":18}},"7":{"start":{"line":23,"column":4},"end":{"line":23,"column":33}},"8":{"start":{"line":28,"column":21},"end":{"line":69,"column":1}},"9":{"start":{"line":72,"column":22},"end":{"line":72,"column":76}},"10":{"start":{"line":72,"column":28},"end":{"line":72,"column":76}},"11":{"start":{"line":72,"column":51},"end":{"line":72,"column":75}},"12":{"start":{"line":75,"column":16},"end":{"line":171,"column":1}},"13":{"start":{"line":78,"column":4},"end":{"line":78,"column":26}},"14":{"start":{"line":79,"column":4},"end":{"line":79,"column":47}},"15":{"start":{"line":82,"column":4},"end":{"line":82,"column":26}},"16":{"start":{"line":83,"column":20},"end":{"line":83,"column":65}},"17":{"start":{"line":83,"column":43},"end":{"line":83,"column":64}},"18":{"start":{"line":84,"column":4},"end":{"line":86,"column":5}},"19":{"start":{"line":85,"column":6},"end":{"line":85,"column":44}},"20":{"start":{"line":87,"column":4},"end":{"line":87,"column":29}},"21":{"start":{"line":90,"column":4},"end":{"line":90,"column":26}},"22":{"start":{"line":91,"column":21},"end":{"line":94,"column":5}},"23":{"start":{"line":92,"column":6},"end":{"line":93,"column":66}},"24":{"start":{"line":95,"column":4},"end":{"line":95,"column":43}},"25":{"start":{"line":98,"column":4},"end":{"line":98,"column":26}},"26":{"start":{"line":99,"column":4},"end":{"line":99,"column":77}},"27":{"start":{"line":102,"column":4},"end":{"line":102,"column":26}},"28":{"start":{"line":103,"column":4},"end":{"line":103,"column":67}},"29":{"start":{"line":106,"column":4},"end":{"line":106,"column":26}},"30":{"start":{"line":107,"column":4},"end":{"line":107,"column":65}},"31":{"start":{"line":112,"column":4},"end":{"line":112,"column":26}},"32":{"start":{"line":113,"column":4},"end":{"line":124,"column":6}},"33":{"start":{"line":127,"column":4},"end":{"line":127,"column":26}},"34":{"start":{"line":128,"column":4},"end":{"line":139,"column":6}},"35":{"start":{"line":142,"column":4},"end":{"line":142,"column":26}},"36":{"start":{"line":143,"column":4},"end":{"line":151,"column":6}},"37":{"start":{"line":154,"column":4},"end":{"line":154,"column":26}},"38":{"start":{"line":155,"column":4},"end":{"line":155,"column":66}},"39":{"start":{"line":160,"column":4},"end":{"line":160,"column":26}},"40":{"start":{"line":161,"column":4},"end":{"line":161,"column":79}},"41":{"start":{"line":164,"column":4},"end":{"line":164,"column":26}},"42":{"start":{"line":165,"column":4},"end":{"line":165,"column":37}},"43":{"start":{"line":168,"column":4},"end":{"line":168,"column":26}},"44":{"start":{"line":169,"column":4},"end":{"line":169,"column":101}},"45":{"start":{"line":174,"column":22},"end":{"line":174,"column":26}},"46":{"start":{"line":179,"column":21},"end":{"line":179,"column":40}},"47":{"start":{"line":180,"column":22},"end":{"line":180,"column":47}},"48":{"start":{"line":181,"column":27},"end":{"line":181,"column":53}},"49":{"start":{"line":182,"column":31},"end":{"line":182,"column":62}},"50":{"start":{"line":183,"column":25},"end":{"line":183,"column":53}},"51":{"start":{"line":184,"column":32},"end":{"line":184,"column":70}},"52":{"start":{"line":187,"column":26},"end":{"line":187,"column":62}},"53":{"start":{"line":188,"column":26},"end":{"line":188,"column":62}},"54":{"start":{"line":189,"column":24},"end":{"line":189,"column":48}},"55":{"start":{"line":190,"column":31},"end":{"line":190,"column":61}},"56":{"start":{"line":193,"column":30},"end":{"line":193,"column":59}},"57":{"start":{"line":194,"column":19},"end":{"line":194,"column":36}},"58":{"start":{"line":195,"column":20},"end":{"line":195,"column":43}}},"fnMap":{"0":{"name":"(anonymous_0)","decl":{"start":{"line":15,"column":2},"end":{"line":15,"column":3}},"loc":{"start":{"line":15,"column":14},"end":{"line":21,"column":3}},"line":15},"1":{"name":"(anonymous_1)","decl":{"start":{"line":22,"column":2},"end":{"line":22,"column":3}},"loc":{"start":{"line":22,"column":13},"end":{"line":24,"column":3}},"line":22},"2":{"name":"(anonymous_2)","decl":{"start":{"line":72,"column":22},"end":{"line":72,"column":23}},"loc":{"start":{"line":72,"column":28},"end":{"line":72,"column":76}},"line":72},"3":{"name":"(anonymous_3)","decl":{"start":{"line":72,"column":40},"end":{"line":72,"column":41}},"loc":{"start":{"line":72,"column":51},"end":{"line":72,"column":75}},"line":72},"4":{"name":"(anonymous_4)","decl":{"start":{"line":77,"column":15},"end":{"line":77,"column":16}},"loc":{"start":{"line":77,"column":27},"end":{"line":80,"column":3}},"line":77},"5":{"name":"(anonymous_5)","decl":{"start":{"line":81,"column":14},"end":{"line":81,"column":15}},"loc":{"start":{"line":81,"column":28},"end":{"line":88,"column":3}},"line":81},"6":{"name":"(anonymous_6)","decl":{"start":{"line":83,"column":38},"end":{"line":83,"column":39}},"loc":{"start":{"line":83,"column":43},"end":{"line":83,"column":64}},"line":83},"7":{"name":"(anonymous_7)","decl":{"start":{"line":89,"column":18},"end":{"line":89,"column":19}},"loc":{"start":{"line":89,"column":38},"end":{"line":96,"column":3}},"line":89},"8":{"name":"(anonymous_8)","decl":{"start":{"line":91,"column":41},"end":{"line":91,"column":42}},"loc":{"start":{"line":92,"column":6},"end":{"line":93,"column":66}},"line":92},"9":{"name":"(anonymous_9)","decl":{"start":{"line":97,"column":17},"end":{"line":97,"column":18}},"loc":{"start":{"line":97,"column":34},"end":{"line":100,"column":3}},"line":97},"10":{"name":"(anonymous_10)","decl":{"start":{"line":101,"column":17},"end":{"line":101,"column":18}},"loc":{"start":{"line":101,"column":39},"end":{"line":104,"column":3}},"line":101},"11":{"name":"(anonymous_11)","decl":{"start":{"line":105,"column":17},"end":{"line":105,"column":18}},"loc":{"start":{"line":105,"column":32},"end":{"line":108,"column":3}},"line":105},"12":{"name":"(anonymous_12)","decl":{"start":{"line":111,"column":9},"end":{"line":111,"column":10}},"loc":{"start":{"line":111,"column":32},"end":{"line":125,"column":3}},"line":111},"13":{"name":"(anonymous_13)","decl":{"start":{"line":126,"column":12},"end":{"line":126,"column":13}},"loc":{"start":{"line":126,"column":32},"end":{"line":140,"column":3}},"line":126},"14":{"name":"(anonymous_14)","decl":{"start":{"line":141,"column":18},"end":{"line":141,"column":19}},"loc":{"start":{"line":141,"column":30},"end":{"line":152,"column":3}},"line":141},"15":{"name":"(anonymous_15)","decl":{"start":{"line":153,"column":21},"end":{"line":153,"column":22}},"loc":{"start":{"line":153,"column":38},"end":{"line":156,"column":3}},"line":153},"16":{"name":"(anonymous_16)","decl":{"start":{"line":159,"column":15},"end":{"line":159,"column":16}},"loc":{"start":{"line":159,"column":37},"end":{"line":162,"column":3}},"line":159},"17":{"name":"(anonymous_17)","decl":{"start":{"line":163,"column":13},"end":{"line":163,"column":14}},"loc":{"start":{"line":163,"column":25},"end":{"line":166,"column":3}},"line":163},"18":{"name":"(anonymous_18)","decl":{"start":{"line":167,"column":12},"end":{"line":167,"column":13}},"loc":{"start":{"line":167,"column":26},"end":{"line":170,"column":3}},"line":167},"19":{"name":"(anonymous_19)","decl":{"start":{"line":179,"column":15},"end":{"line":179,"column":16}},"loc":{"start":{"line":179,"column":21},"end":{"line":179,"column":40}},"line":179},"20":{"name":"(anonymous_20)","decl":{"start":{"line":180,"column":14},"end":{"line":180,"column":15}},"loc":{"start":{"line":180,"column":22},"end":{"line":180,"column":47}},"line":180},"21":{"name":"(anonymous_21)","decl":{"start":{"line":181,"column":17},"end":{"line":181,"column":18}},"loc":{"start":{"line":181,"column":27},"end":{"line":181,"column":53}},"line":181},"22":{"name":"(anonymous_22)","decl":{"start":{"line":182,"column":17},"end":{"line":182,"column":18}},"loc":{"start":{"line":182,"column":31},"end":{"line":182,"column":62}},"line":182},"23":{"name":"(anonymous_23)","decl":{"start":{"line":183,"column":17},"end":{"line":183,"column":18}},"loc":{"start":{"line":183,"column":25},"end":{"line":183,"column":53}},"line":183},"24":{"name":"(anonymous_24)","decl":{"start":{"line":184,"column":18},"end":{"line":184,"column":19}},"loc":{"start":{"line":184,"column":32},"end":{"line":184,"column":70}},"line":184},"25":{"name":"(anonymous_25)","decl":{"start":{"line":187,"column":9},"end":{"line":187,"column":10}},"loc":{"start":{"line":187,"column":26},"end":{"line":187,"column":62}},"line":187},"26":{"name":"(anonymous_26)","decl":{"start":{"line":188,"column":12},"end":{"line":188,"column":13}},"loc":{"start":{"line":188,"column":26},"end":{"line":188,"column":62}},"line":188},"27":{"name":"(anonymous_27)","decl":{"start":{"line":189,"column":18},"end":{"line":189,"column":19}},"loc":{"start":{"line":189,"column":24},"end":{"line":189,"column":48}},"line":189},"28":{"name":"(anonymous_28)","decl":{"start":{"line":190,"column":21},"end":{"line":190,"column":22}},"loc":{"start":{"line":190,"column":31},"end":{"line":190,"column":61}},"line":190},"29":{"name":"(anonymous_29)","decl":{"start":{"line":193,"column":15},"end":{"line":193,"column":16}},"loc":{"start":{"line":193,"column":30},"end":{"line":193,"column":59}},"line":193},"30":{"name":"(anonymous_30)","decl":{"start":{"line":194,"column":13},"end":{"line":194,"column":14}},"loc":{"start":{"line":194,"column":19},"end":{"line":194,"column":36}},"line":194},"31":{"name":"(anonymous_31)","decl":{"start":{"line":195,"column":12},"end":{"line":195,"column":13}},"loc":{"start":{"line":195,"column":20},"end":{"line":195,"column":43}},"line":195}},"branchMap":{"0":{"loc":{"start":{"line":17,"column":4},"end":{"line":19,"column":5}},"type":"if","locations":[{"start":{"line":17,"column":4},"end":{"line":19,"column":5}},{"start":{},"end":{}}],"line":17},"1":{"loc":{"start":{"line":84,"column":4},"end":{"line":86,"column":5}},"type":"if","locations":[{"start":{"line":84,"column":4},"end":{"line":86,"column":5}},{"start":{},"end":{}}],"line":84},"2":{"loc":{"start":{"line":92,"column":6},"end":{"line":93,"column":66}},"type":"binary-expr","locations":[{"start":{"line":92,"column":6},"end":{"line":92,"column":59}},{"start":{"line":93,"column":6},"end":{"line":93,"column":66}}],"line":92},"3":{"loc":{"start":{"line":177,"column":15},"end":{"line":196,"column":1}},"type":"cond-expr","locations":[{"start":{"line":177,"column":31},"end":{"line":177,"column":38}},{"start":{"line":177,"column":41},"end":{"line":196,"column":1}}],"line":177}},"s":{"0":0,"1":0,"2":0,"3":0,"4":0,"5":0,"6":0,"7":0,"8":0,"9":0,"10":0,"11":0,"12":0,"13":0,"14":0,"15":0,"16":0,"17":0,"18":0,"19":0,"20":0,"21":0,"22":0,"23":0,"24":0,"25":0,"26":0,"27":0,"28":0,"29":0,"30":0,"31":0,"32":0,"33":0,"34":0,"35":0,"36":0,"37":0,"38":0,"39":0,"40":0,"41":0,"42":0,"43":0,"44":0,"45":0,"46":0,"47":0,"48":0,"49":0,"50":0,"51":0,"52":0,"53":0,"54":0,"55":0,"56":0,"57":0,"58":0},"f":{"0":0,"1":0,"2":0,"3":0,"4":0,"5":0,"6":0,"7":0,"8":0,"9":0,"10":0,"11":0,"12":0,"13":0,"14":0,"15":0,"16":0,"17":0,"18":0,"19":0,"20":0,"21":0,"22":0,"23":0,"24":0,"25":0,"26":0,"27":0,"28":0,"29":0,"30":0,"31":0},"b":{"0":[0,0],"1":[0,0],"2":[0,0],"3":[0,0]}}
,"C:\\Users\\thibc\\OneDrive - Association Cesi Viacesi mail\\Bloc 3\\poc-bloc3\\frontend\\src\\test-utils\\test-wrapper.js": {"path":"C:\\Users\\thibc\\OneDrive - Association Cesi Viacesi mail\\Bloc 3\\poc-bloc3\\frontend\\src\\test-utils\\test-wrapper.js","statementMap":{"0":{"start":{"line":6,"column":27},"end":{"line":16,"column":1}},"1":{"start":{"line":7,"column":2},"end":{"line":15,"column":4}}},"fnMap":{"0":{"name":"(anonymous_0)","decl":{"start":{"line":6,"column":27},"end":{"line":6,"column":28}},"loc":{"start":{"line":6,"column":45},"end":{"line":16,"column":1}},"line":6}},"branchMap":{},"s":{"0":0,"1":0},"f":{"0":0},"b":{}}
}
