TN:
SF:src\App.js
FN:16,App
FNF:1
FNH:1
FNDA:3,App
DA:17,3
LF:1
LH:1
BRF:0
BRH:0
end_of_record
TN:
SF:src\index.js
FNF:0
FNH:0
DA:10,0
DA:11,0
LF:2
LH:0
BRF:0
BRH:0
end_of_record
TN:
SF:src\test-utils.js
FN:5,(anonymous_0)
FN:15,(anonymous_1)
FNF:2
FNH:2
FNDA:4,(anonymous_0)
FNDA:3,(anonymous_1)
DA:5,2
DA:6,4
DA:15,2
DA:16,3
LF:4
LH:4
BRF:0
BRH:0
end_of_record
TN:
SF:src\components\Footer.js
FN:5,(anonymous_0)
FNF:1
FNH:1
FNDA:2,(anonymous_0)
DA:5,1
DA:6,2
DA:8,2
LF:3
LH:3
BRF:0
BRH:0
end_of_record
TN:
SF:src\components\Navigation.js
FN:6,(anonymous_0)
FN:9,(anonymous_1)
FNF:2
FNH:1
FNDA:5,(anonymous_0)
FNDA:0,(anonymous_1)
DA:6,1
DA:7,5
DA:9,4
DA:11,0
LF:4
LH:3
BRDA:24,0,0,0
BRDA:24,0,1,0
BRF:2
BRH:0
end_of_record
TN:
SF:src\components\ProductCard.js
FN:6,(anonymous_0)
FN:9,(anonymous_1)
FNF:2
FNH:2
FNDA:4,(anonymous_0)
FNDA:1,(anonymous_1)
DA:6,3
DA:7,4
DA:9,4
DA:10,1
DA:13,4
LF:5
LH:5
BRDA:18,0,0,4
BRDA:18,0,1,0
BRDA:31,1,0,0
BRDA:31,1,1,4
BRDA:31,2,0,4
BRDA:31,2,1,4
BRDA:43,3,0,0
BRDA:43,3,1,4
BRF:8
BRH:5
end_of_record
TN:
SF:src\components\ProductList.js
FN:5,(anonymous_0)
FN:12,(anonymous_1)
FNF:2
FNH:2
FNDA:2,(anonymous_0)
FNDA:2,(anonymous_1)
DA:5,2
DA:6,2
DA:7,1
DA:10,1
DA:13,2
LF:5
LH:5
BRDA:6,0,0,1
BRDA:6,0,1,1
BRDA:6,1,0,2
BRDA:6,1,1,2
BRF:4
BRH:4
end_of_record
TN:
SF:src\context\AuthContext.js
FN:6,(anonymous_0)
FN:8,(anonymous_1)
FN:14,(anonymous_2)
FN:24,(anonymous_3)
FN:52,(anonymous_4)
FN:89,(anonymous_5)
FN:126,(anonymous_6)
FNF:7
FNH:0
FNDA:0,(anonymous_0)
FNDA:0,(anonymous_1)
FNDA:0,(anonymous_2)
FNDA:0,(anonymous_3)
FNDA:0,(anonymous_4)
FNDA:0,(anonymous_5)
FNDA:0,(anonymous_6)
DA:4,0
DA:6,0
DA:8,0
DA:9,0
DA:10,0
DA:11,0
DA:14,0
DA:15,0
DA:16,0
DA:17,0
DA:19,0
DA:24,0
DA:25,0
DA:26,0
DA:28,0
DA:40,0
DA:41,0
DA:43,0
DA:44,0
DA:45,0
DA:47,0
DA:52,0
DA:53,0
DA:54,0
DA:57,0
DA:72,0
DA:74,0
DA:75,0
DA:76,0
DA:77,0
DA:79,0
DA:80,0
DA:81,0
DA:82,0
DA:84,0
DA:89,0
DA:90,0
DA:91,0
DA:94,0
DA:109,0
DA:111,0
DA:112,0
DA:113,0
DA:114,0
DA:116,0
DA:117,0
DA:118,0
DA:119,0
DA:121,0
DA:126,0
DA:127,0
DA:128,0
DA:131,0
DA:140,0
LF:54
LH:0
BRDA:16,0,0,0
BRDA:16,0,1,0
BRDA:80,1,0,0
BRDA:80,1,1,0
BRDA:117,2,0,0
BRDA:117,2,1,0
BRF:6
BRH:0
end_of_record
TN:
SF:src\context\CartContext.js
FN:5,(anonymous_0)
FN:7,(anonymous_1)
FN:12,(anonymous_2)
FN:26,(anonymous_3)
FN:28,(anonymous_4)
FN:38,(anonymous_5)
FN:39,(anonymous_6)
FN:40,(anonymous_7)
FN:58,(anonymous_8)
FN:64,(anonymous_9)
FN:65,(anonymous_10)
FN:72,(anonymous_11)
FN:73,(anonymous_12)
FN:73,(anonymous_13)
FN:77,(anonymous_14)
FNF:15
FNH:3
FNDA:0,(anonymous_0)
FNDA:4,(anonymous_1)
FNDA:2,(anonymous_2)
FNDA:3,(anonymous_3)
FNDA:0,(anonymous_4)
FNDA:0,(anonymous_5)
FNDA:0,(anonymous_6)
FNDA:0,(anonymous_7)
FNDA:0,(anonymous_8)
FNDA:0,(anonymous_9)
FNDA:0,(anonymous_10)
FNDA:0,(anonymous_11)
FNDA:0,(anonymous_12)
FNDA:0,(anonymous_13)
FNDA:0,(anonymous_14)
DA:3,1
DA:5,1
DA:7,1
DA:8,4
DA:9,4
DA:12,4
DA:13,2
DA:14,2
DA:15,1
DA:16,1
DA:17,1
DA:19,0
DA:20,0
DA:26,4
DA:27,3
DA:28,0
DA:31,3
DA:34,3
DA:38,4
DA:39,0
DA:40,0
DA:42,0
DA:44,0
DA:45,0
DA:49,0
DA:52,0
DA:58,4
DA:59,0
DA:60,0
DA:61,0
DA:64,0
DA:65,0
DA:66,0
DA:72,4
DA:73,0
DA:77,4
DA:78,0
DA:81,4
DA:90,4
LF:39
LH:21
BRDA:14,0,0,1
BRDA:14,0,1,1
BRDA:42,1,0,0
BRDA:42,1,1,0
BRDA:59,2,0,0
BRDA:59,2,1,0
BRDA:66,3,0,0
BRDA:66,3,1,0
BRF:8
BRH:2
end_of_record
TN:
SF:src\pages\CartPage.js
FN:6,(anonymous_0)
FN:41,(anonymous_1)
FN:65,(anonymous_2)
FN:74,(anonymous_3)
FNF:4
FNH:0
FNDA:0,(anonymous_0)
FNDA:0,(anonymous_1)
FNDA:0,(anonymous_2)
FNDA:0,(anonymous_3)
DA:6,1
DA:7,0
DA:9,0
DA:10,0
DA:26,0
DA:42,0
DA:65,0
DA:74,0
LF:8
LH:1
BRDA:9,0,0,0
BRDA:9,0,1,0
BRDA:46,1,0,0
BRDA:46,1,1,0
BRF:4
BRH:0
end_of_record
TN:
SF:src\pages\CheckoutPage.js
FN:6,(anonymous_0)
FN:19,(anonymous_1)
FN:27,(anonymous_2)
FN:38,(anonymous_3)
FN:56,(anonymous_4)
FN:205,(anonymous_5)
FNF:6
FNH:0
FNDA:0,(anonymous_0)
FNDA:0,(anonymous_1)
FNDA:0,(anonymous_2)
FNDA:0,(anonymous_3)
FNDA:0,(anonymous_4)
FNDA:0,(anonymous_5)
DA:6,1
DA:7,0
DA:8,0
DA:9,0
DA:10,0
DA:13,0
DA:14,0
DA:19,0
DA:27,0
DA:28,0
DA:29,0
DA:31,0
DA:32,0
DA:33,0
DA:34,0
DA:38,0
DA:39,0
DA:40,0
DA:43,0
DA:46,0
DA:47,0
DA:56,0
DA:65,0
DA:206,0
LF:24
LH:1
BRDA:13,0,0,0
BRDA:13,0,1,0
BRDA:13,1,0,0
BRDA:13,1,1,0
BRDA:31,2,0,0
BRDA:31,2,1,0
BRDA:46,3,0,0
BRDA:46,3,1,0
BRF:8
BRH:0
end_of_record
TN:
SF:src\pages\FAQPage.js
FN:4,(anonymous_0)
FNF:1
FNH:0
FNDA:0,(anonymous_0)
DA:4,1
DA:5,0
LF:2
LH:1
BRF:0
BRH:0
end_of_record
TN:
SF:src\pages\HomePage.js
FN:7,(anonymous_0)
FN:12,(anonymous_1)
FN:13,(anonymous_2)
FNF:3
FNH:1
FNDA:2,(anonymous_0)
FNDA:0,(anonymous_1)
FNDA:0,(anonymous_2)
DA:7,1
DA:8,2
DA:9,2
DA:10,2
DA:12,2
DA:13,0
DA:14,0
DA:15,0
DA:16,0
DA:18,0
DA:19,0
DA:21,0
DA:22,0
DA:24,0
DA:28,0
DA:31,2
LF:16
LH:6
BRDA:73,0,0,2
BRDA:73,0,1,0
BRDA:75,1,0,0
BRDA:75,1,1,0
BRF:4
BRH:1
end_of_record
TN:
SF:src\pages\LoginPage.js
FN:6,(anonymous_0)
FN:15,(anonymous_1)
FN:56,(anonymous_2)
FN:67,(anonymous_3)
FNF:4
FNH:0
FNDA:0,(anonymous_0)
FNDA:0,(anonymous_1)
FNDA:0,(anonymous_2)
FNDA:0,(anonymous_3)
DA:6,1
DA:7,0
DA:8,0
DA:9,0
DA:10,0
DA:12,0
DA:13,0
DA:15,0
DA:16,0
DA:18,0
DA:19,0
DA:20,0
DA:23,0
DA:24,0
DA:25,0
DA:27,0
DA:28,0
DA:31,0
DA:32,0
DA:34,0
DA:38,0
DA:56,0
DA:67,0
LF:23
LH:1
BRDA:18,0,0,0
BRDA:18,0,1,0
BRDA:18,1,0,0
BRDA:18,1,1,0
BRDA:47,2,0,0
BRDA:47,2,1,0
BRDA:74,3,0,0
BRDA:74,3,1,0
BRF:8
BRH:0
end_of_record
TN:
SF:src\pages\NotFoundPage.js
FN:5,(anonymous_0)
FNF:1
FNH:0
FNDA:0,(anonymous_0)
DA:5,1
DA:6,0
LF:2
LH:1
BRF:0
BRH:0
end_of_record
TN:
SF:src\pages\ProductDetailPage.js
FN:7,(anonymous_0)
FN:15,(anonymous_1)
FN:16,(anonymous_2)
FN:33,(anonymous_3)
FN:117,(anonymous_4)
FNF:5
FNH:0
FNDA:0,(anonymous_0)
FNDA:0,(anonymous_1)
FNDA:0,(anonymous_2)
FNDA:0,(anonymous_3)
FNDA:0,(anonymous_4)
DA:7,1
DA:8,0
DA:9,0
DA:10,0
DA:11,0
DA:12,0
DA:13,0
DA:15,0
DA:16,0
DA:17,0
DA:18,0
DA:19,0
DA:20,0
DA:21,0
DA:23,0
DA:24,0
DA:26,0
DA:30,0
DA:33,0
DA:34,0
DA:35,0
DA:38,0
DA:39,0
DA:48,0
DA:49,0
DA:59,0
DA:60,0
DA:70,0
DA:117,0
LF:29
LH:1
BRDA:38,0,0,0
BRDA:38,0,1,0
BRDA:48,1,0,0
BRDA:48,1,1,0
BRDA:59,2,0,0
BRDA:59,2,1,0
BRDA:81,3,0,0
BRDA:81,3,1,0
BRDA:99,4,0,0
BRDA:99,4,1,0
BRDA:106,5,0,0
BRDA:106,5,1,0
BRF:12
BRH:0
end_of_record
TN:
SF:src\pages\ProductsPage.js
FN:6,(anonymous_0)
FN:12,(anonymous_1)
FN:16,(anonymous_2)
FN:30,(anonymous_3)
FN:62,(anonymous_4)
FNF:5
FNH:0
FNDA:0,(anonymous_0)
FNDA:0,(anonymous_1)
FNDA:0,(anonymous_2)
FNDA:0,(anonymous_3)
FNDA:0,(anonymous_4)
DA:6,1
DA:7,0
DA:8,0
DA:9,0
DA:10,0
DA:12,0
DA:13,0
DA:16,0
DA:17,0
DA:18,0
DA:19,0
DA:20,0
DA:21,0
DA:23,0
DA:24,0
DA:26,0
DA:30,0
DA:31,0
DA:32,0
DA:33,0
DA:34,0
DA:37,0
DA:38,0
DA:39,0
DA:40,0
DA:41,0
DA:43,0
DA:44,0
DA:46,0
DA:50,0
DA:62,0
LF:31
LH:1
BRDA:20,0,0,0
BRDA:20,0,1,0
BRDA:32,1,0,0
BRDA:32,1,1,0
BRDA:40,2,0,0
BRDA:40,2,1,0
BRDA:72,3,0,0
BRDA:72,3,1,0
BRDA:74,4,0,0
BRDA:74,4,1,0
BRDA:76,5,0,0
BRDA:76,5,1,0
BRF:12
BRH:0
end_of_record
TN:
SF:src\pages\RegisterPage.js
FN:6,(anonymous_0)
FN:22,(anonymous_1)
FN:24,(anonymous_2)
FN:30,(anonymous_3)
FNF:4
FNH:0
FNDA:0,(anonymous_0)
FNDA:0,(anonymous_1)
FNDA:0,(anonymous_2)
FNDA:0,(anonymous_3)
DA:6,1
DA:7,0
DA:16,0
DA:17,0
DA:19,0
DA:20,0
DA:22,0
DA:23,0
DA:24,0
DA:30,0
DA:31,0
DA:34,0
DA:35,0
DA:36,0
DA:39,0
DA:40,0
DA:41,0
DA:44,0
DA:45,0
DA:46,0
DA:48,0
DA:49,0
DA:52,0
DA:53,0
DA:55,0
DA:59,0
LF:26
LH:1
BRDA:34,0,0,0
BRDA:34,0,1,0
BRDA:39,1,0,0
BRDA:39,1,1,0
BRDA:68,2,0,0
BRDA:68,2,1,0
BRDA:163,3,0,0
BRDA:163,3,1,0
BRF:8
BRH:0
end_of_record
TN:
SF:src\services\api.js
FN:15,(anonymous_0)
FN:22,(anonymous_1)
FN:72,(anonymous_2)
FN:72,(anonymous_3)
FN:77,(anonymous_4)
FN:81,(anonymous_5)
FN:83,(anonymous_6)
FN:89,(anonymous_7)
FN:91,(anonymous_8)
FN:97,(anonymous_9)
FN:101,(anonymous_10)
FN:105,(anonymous_11)
FN:111,(anonymous_12)
FN:126,(anonymous_13)
FN:141,(anonymous_14)
FN:153,(anonymous_15)
FN:159,(anonymous_16)
FN:163,(anonymous_17)
FN:167,(anonymous_18)
FN:179,(anonymous_19)
FN:180,(anonymous_20)
FN:181,(anonymous_21)
FN:182,(anonymous_22)
FN:183,(anonymous_23)
FN:184,(anonymous_24)
FN:187,(anonymous_25)
FN:188,(anonymous_26)
FN:189,(anonymous_27)
FN:190,(anonymous_28)
FN:193,(anonymous_29)
FN:194,(anonymous_30)
FN:195,(anonymous_31)
FNF:32
FNH:0
FNDA:0,(anonymous_0)
FNDA:0,(anonymous_1)
FNDA:0,(anonymous_2)
FNDA:0,(anonymous_3)
FNDA:0,(anonymous_4)
FNDA:0,(anonymous_5)
FNDA:0,(anonymous_6)
FNDA:0,(anonymous_7)
FNDA:0,(anonymous_8)
FNDA:0,(anonymous_9)
FNDA:0,(anonymous_10)
FNDA:0,(anonymous_11)
FNDA:0,(anonymous_12)
FNDA:0,(anonymous_13)
FNDA:0,(anonymous_14)
FNDA:0,(anonymous_15)
FNDA:0,(anonymous_16)
FNDA:0,(anonymous_17)
FNDA:0,(anonymous_18)
FNDA:0,(anonymous_19)
FNDA:0,(anonymous_20)
FNDA:0,(anonymous_21)
FNDA:0,(anonymous_22)
FNDA:0,(anonymous_23)
FNDA:0,(anonymous_24)
FNDA:0,(anonymous_25)
FNDA:0,(anonymous_26)
FNDA:0,(anonymous_27)
FNDA:0,(anonymous_28)
FNDA:0,(anonymous_29)
FNDA:0,(anonymous_30)
FNDA:0,(anonymous_31)
DA:3,0
DA:6,0
DA:14,0
DA:16,0
DA:17,0
DA:18,0
DA:20,0
DA:23,0
DA:28,0
DA:72,0
DA:75,0
DA:78,0
DA:79,0
DA:82,0
DA:83,0
DA:84,0
DA:85,0
DA:87,0
DA:90,0
DA:91,0
DA:92,0
DA:95,0
DA:98,0
DA:99,0
DA:102,0
DA:103,0
DA:106,0
DA:107,0
DA:112,0
DA:113,0
DA:127,0
DA:128,0
DA:142,0
DA:143,0
DA:154,0
DA:155,0
DA:160,0
DA:161,0
DA:164,0
DA:165,0
DA:168,0
DA:169,0
DA:174,0
DA:179,0
DA:180,0
DA:181,0
DA:182,0
DA:183,0
DA:184,0
DA:187,0
DA:188,0
DA:189,0
DA:190,0
DA:193,0
DA:194,0
DA:195,0
LF:56
LH:0
BRDA:17,0,0,0
BRDA:17,0,1,0
BRDA:84,1,0,0
BRDA:84,1,1,0
BRDA:92,2,0,0
BRDA:92,2,1,0
BRDA:177,3,0,0
BRDA:177,3,1,0
BRF:8
BRH:0
end_of_record
TN:
SF:src\test-utils\test-wrapper.js
FN:6,(anonymous_0)
FNF:1
FNH:0
FNDA:0,(anonymous_0)
DA:6,0
DA:7,0
LF:2
LH:0
BRF:0
BRH:0
end_of_record
